<?xml version="1.0" encoding="UTF-8"?>
<!-- Generated by org.testng.reporters.JUnitReportReporter -->
<testsuite skipped="0" hostname="Ty-Deepak-Tr" name="com.rmg.projecttest.CreatePRoject" tests="1" failures="0" timestamp="2021-02-17T17:53:20 IST" time="2.733" errors="0">
  <testcase name="cerateProjectTest" time="2.733" classname="com.rmg.projecttest.CreatePRoject"/>
  <system-out/>
</testsuite> <!-- com.rmg.projecttest.CreatePRoject -->
