<?xml version="1.0" encoding="UTF-8"?>
<!-- Generated by org.testng.reporters.JUnitReportReporter -->
<testsuite skipped="0" hostname="Ty-Deepak-Tr" name="com.rmg.projecttest.GetProject" tests="1" failures="0" timestamp="2021-02-17T15:47:34 IST" time="3.445" errors="0">
  <testcase name="getAllProject" time="3.445" classname="com.rmg.projecttest.GetProject"/>
  <system-out/>
</testsuite> <!-- com.rmg.projecttest.GetProject -->
