<?xml version="1.0" encoding="UTF-8"?>
<!-- Generated by org.testng.reporters.JUnitReportReporter -->
<testsuite skipped="0" hostname="Ty-Deepak-Tr" name="com.rmg.projecttest.VerifySpecifiProjectAPI_DB_GUI" tests="1" failures="0" timestamp="2021-02-17T18:32:47 IST" time="3.564" errors="0">
  <testcase name="createProject" time="3.564" classname="com.rmg.projecttest.VerifySpecifiProjectAPI_DB_GUI"/>
  <system-out/>
</testsuite> <!-- com.rmg.projecttest.VerifySpecifiProjectAPI_DB_GUI -->
