<?xml version="1.0" encoding="UTF-8"?>
<!-- Generated by org.testng.reporters.JUnitReportReporter -->
<testsuite skipped="0" hostname="Ty-Deepak-Tr" name="com.rmg.projecttest.UpdatePRoject" tests="1" failures="0" timestamp="2021-02-17T18:04:56 IST" time="3.403" errors="0">
  <testcase name="update_PRoject" time="3.403" classname="com.rmg.projecttest.UpdatePRoject"/>
  <system-out/>
</testsuite> <!-- com.rmg.projecttest.UpdatePRoject -->
