<?xml version="1.0" encoding="UTF-8"?>
<!-- Generated by org.testng.reporters.JUnitReportReporter -->
<testsuite skipped="0" hostname="Ty-Deepak-Tr" name="com.rmg.projecttest.VerifySpecifiProject" tests="1" failures="0" timestamp="2021-02-17T18:24:06 IST" time="2.902" errors="0">
  <testcase name="getAllProject" time="2.902" classname="com.rmg.projecttest.VerifySpecifiProject"/>
  <system-out/>
</testsuite> <!-- com.rmg.projecttest.VerifySpecifiProject -->
